<?xml version="1.0" encoding="UTF-8"?>
<testng-results skipped="0" failed="0" ignored="0" total="2" passed="2">
  <reporter-output>
  </reporter-output>
  <suite name="Suite" duration-ms="59233" started-at="2020-04-02T14:48:39 IST" finished-at="2020-04-02T14:49:38 IST">
    <groups>
    </groups>
    <test name="Test" duration-ms="59233" started-at="2020-04-02T14:48:39 IST" finished-at="2020-04-02T14:49:38 IST">
      <class name="com.automation.AppiumFramework.ecommerce_Test">
        <test-method status="PASS" signature="killAllNodes()[pri:0, instance:com.automation.AppiumFramework.ecommerce_Test@e720b71]" name="killAllNodes" is-config="true" duration-ms="15" started-at="2020-04-02T14:48:39 IST" finished-at="2020-04-02T14:48:39 IST">
          <reporter-output>
          </reporter-output>
        </test-method> <!-- killAllNodes -->
        <test-method status="PASS" signature="ecomerce_Testing(java.lang.String)[pri:0, instance:com.automation.AppiumFramework.ecommerce_Test@e720b71]" name="ecomerce_Testing" duration-ms="29390" started-at="2020-04-02T14:48:39 IST" data-provider="name" finished-at="2020-04-02T14:49:09 IST">
          <params>
            <param index="0">
              <value>
                <![CDATA[abc]]>
              </value>
            </param>
          </params>
          <reporter-output>
          </reporter-output>
        </test-method> <!-- ecomerce_Testing -->
        <test-method status="PASS" signature="ecomerce_Testing(java.lang.String)[pri:0, instance:com.automation.AppiumFramework.ecommerce_Test@e720b71]" name="ecomerce_Testing" duration-ms="29726" started-at="2020-04-02T14:49:09 IST" data-provider="name" finished-at="2020-04-02T14:49:38 IST">
          <params>
            <param index="0">
              <value>
                <![CDATA[213]]>
              </value>
            </param>
          </params>
          <reporter-output>
          </reporter-output>
        </test-method> <!-- ecomerce_Testing -->
      </class> <!-- com.automation.AppiumFramework.ecommerce_Test -->
    </test> <!-- Test -->
  </suite> <!-- Suite -->
</testng-results>
