<?xml version="1.0" encoding="UTF-8"?>
<!-- Generated by org.testng.reporters.JUnitXMLReporter -->
<testsuite hostname="Vicky-PC" ignored="0" name="Test" tests="4" failures="0" timestamp="2020-04-15T15:01:19 IST" time="0.311" errors="0">
  <testcase name="testCase4" time="0.109" classname="com.automation.TestNGReporting.TestCases"/>
  <testcase name="testCase2" time="0.109" classname="com.automation.TestNGReporting.TestCases"/>
  <testcase name="testCase1" time="0.109" classname="com.automation.TestNGReporting.TestCases"/>
  <testcase name="testCase3" time="0.109" classname="com.automation.TestNGReporting.TestCases"/>
</testsuite> <!-- Test -->
