<?xml version="1.0" encoding="UTF-8"?>
<testng-results skipped="0" failed="0" ignored="0" total="4" passed="4">
  <reporter-output>
  </reporter-output>
  <suite name="Suite" duration-ms="311" started-at="2020-04-15T15:01:19 IST" finished-at="2020-04-15T15:01:19 IST">
    <groups>
    </groups>
    <test name="Test" duration-ms="311" started-at="2020-04-15T15:01:19 IST" finished-at="2020-04-15T15:01:19 IST">
      <class name="com.automation.TestNGReporting.TestCases">
        <test-method status="PASS" signature="testCase4()[pri:0, instance:com.automation.TestNGReporting.TestCases@229d10bd]" name="testCase4" duration-ms="109" started-at="2020-04-15T15:01:19 IST" finished-at="2020-04-15T15:01:19 IST">
          <reporter-output>
          </reporter-output>
        </test-method> <!-- testCase4 -->
        <test-method status="PASS" signature="testCase3()[pri:0, instance:com.automation.TestNGReporting.TestCases@229d10bd]" name="testCase3" duration-ms="109" started-at="2020-04-15T15:01:19 IST" finished-at="2020-04-15T15:01:19 IST">
          <reporter-output>
          </reporter-output>
        </test-method> <!-- testCase3 -->
        <test-method status="PASS" signature="testCase2()[pri:0, instance:com.automation.TestNGReporting.TestCases@229d10bd]" name="testCase2" duration-ms="109" started-at="2020-04-15T15:01:19 IST" finished-at="2020-04-15T15:01:19 IST">
          <reporter-output>
          </reporter-output>
        </test-method> <!-- testCase2 -->
        <test-method status="PASS" signature="testCase1()[pri:0, instance:com.automation.TestNGReporting.TestCases@229d10bd]" name="testCase1" duration-ms="109" started-at="2020-04-15T15:01:19 IST" finished-at="2020-04-15T15:01:19 IST">
          <reporter-output>
          </reporter-output>
        </test-method> <!-- testCase1 -->
      </class> <!-- com.automation.TestNGReporting.TestCases -->
    </test> <!-- Test -->
  </suite> <!-- Suite -->
</testng-results>
