<?xml version="1.0" encoding="UTF-8"?>
<!-- Generated by org.testng.reporters.JUnitXMLReporter -->
<testsuite hostname="Vicky-PC" ignored="0" name="Default test" tests="4" failures="0" timestamp="2020-04-07T10:26:07 IST" time="0.199" errors="0">
  <testcase name="testCase1" time="0.035" classname="com.automation.TestNGReporting.TestCases"/>
  <testcase name="testCase2" time="0.016" classname="com.automation.TestNGReporting.TestCases"/>
  <testcase name="testCase3" time="0.002" classname="com.automation.TestNGReporting.TestCases"/>
  <testcase name="testCase4" time="0.0" classname="com.automation.TestNGReporting.TestCases"/>
</testsuite> <!-- Default test -->
